Using pre-set license
Built from '2021.1/release' branch; Version is '2021.1.0f1 (61a549675243) revision 6399305'; Using compiler version '192528614'; Build Type 'Release'
OS: 'Windows 10 Pro; OS build 19041.867; Version 2004; 64bit' Language: 'en' Physical Memory: 16328 MB
BatchMode: 1, IsHumanControllingUs: 0, StartBugReporterOnCrash: 0, Is64bit: 1, IsPro: 0

 COMMAND LINE ARGUMENTS:
C:\Program Files\Unity\Hub\Editor\2021.1.0f1\Editor\Unity.exe
-adb2
-batchMode
-noUpm
-name
AssetImportWorker0
-projectPath
D:/Documents/Unity Proj/Primi'Mon Prototype
-logFile
Logs/AssetImportWorker0.log
-srvPort
62954
Successfully changed project path to: D:/Documents/Unity Proj/Primi'Mon Prototype
D:/Documents/Unity Proj/Primi'Mon Prototype
Using Asset Import Pipeline V2.
Refreshing native plugins compatible for Editor in 41.67 ms, found 0 plugins.
Preloading 0 native plugins for Editor in 0.00 ms.
Initialize engine version: 2021.1.0f1 (61a549675243)
[Subsystems] Discovering subsystems at path C:/Program Files/Unity/Hub/Editor/2021.1.0f1/Editor/Data/Resources/UnitySubsystems
[Subsystems] Discovering subsystems at path D:/Documents/Unity Proj/Primi'Mon Prototype/Assets
GfxDevice: creating device client; threaded=0; jobified=0
Direct3D:
    Version:  Direct3D 11.0 [level 11.1]
    Renderer: NVIDIA GeForce GTX 980 Ti (ID=0x17c8)
    Vendor:   NVIDIA
    VRAM:     6097 MB
    Driver:   27.21.14.5671
Initialize mono
Mono path[0] = 'C:/Program Files/Unity/Hub/Editor/2021.1.0f1/Editor/Data/Managed'
Mono path[1] = 'C:/Program Files/Unity/Hub/Editor/2021.1.0f1/Editor/Data/MonoBleedingEdge/lib/mono/unityjit'
Mono config path = 'C:/Program Files/Unity/Hub/Editor/2021.1.0f1/Editor/Data/MonoBleedingEdge/etc'
Using monoOptions --debugger-agent=transport=dt_socket,embedding=1,server=y,suspend=n,address=127.0.0.1:56436
Begin MonoManager ReloadAssembly
Registering precompiled unity dll's ...
Register platform support module: C:/Program Files/Unity/Hub/Editor/2021.1.0f1/Editor/Data/PlaybackEngines/WindowsStandaloneSupport/UnityEditor.WindowsStandalone.Extensions.dll
Registered in 0.001998 seconds.
Native extension for WindowsStandalone target not found
Refreshing native plugins compatible for Editor in 31.54 ms, found 0 plugins.
Preloading 0 native plugins for Editor in 0.00 ms.
Mono: successfully reloaded assembly
- Completed reload, in  1.103 seconds
Platform modules already initialized, skipping
Registering precompiled user dll's ...
Registered in 0.001877 seconds.
Begin MonoManager ReloadAssembly
Native extension for WindowsStandalone target not found
Refreshing native plugins compatible for Editor in 0.39 ms, found 0 plugins.
Preloading 0 native plugins for Editor in 0.00 ms.
Mono: successfully reloaded assembly
- Completed reload, in  0.845 seconds
Platform modules already initialized, skipping
========================================================================
Worker process is ready to serve import requests
Launched and connected shader compiler UnityShaderCompiler.exe after 0.08 seconds
Refreshing native plugins compatible for Editor in 0.38 ms, found 0 plugins.
Preloading 0 native plugins for Editor in 0.00 ms.
Unloading 1633 Unused Serialized files (Serialized files now loaded: 0)
System memory in use before: 71.5 MB.
System memory in use after: 71.6 MB.

Unloading 42 unused Assets to reduce memory usage. Loaded Objects now: 2068.
Total: 4.808100 ms (FindLiveObjects: 0.135400 ms CreateObjectMapping: 0.059500 ms MarkObjects: 4.535600 ms  DeleteObjects: 0.076700 ms)

========================================================================
Received Import Request.
  path: Assets/dialogue_event_signal.signal
  artifactKey: Guid(8e74f2ac7d6b5ce4ca3e0c363566f48c) Importer(815301076,1909f56bfc062723c751e8b465ee728b)
Start importing Assets/dialogue_event_signal.signal using Guid(8e74f2ac7d6b5ce4ca3e0c363566f48c) Importer(815301076,1909f56bfc062723c751e8b465ee728b)  -> (artifact id: 'a37bc39a151b349a45edaff51b93d758') in 0.046115 seconds 
========================================================================
Received Import Request.
  Time since last request: 0.000279 seconds.
  path: Assets/TimeLine.playable
  artifactKey: Guid(931663e63bc56d945b2425b95c9098b4) Importer(815301076,1909f56bfc062723c751e8b465ee728b)
Start importing Assets/TimeLine.playable using Guid(931663e63bc56d945b2425b95c9098b4) Importer(815301076,1909f56bfc062723c751e8b465ee728b)  -> (artifact id: '016d2b6048710ffb087a6701ae61a454') in 0.017749 seconds 
========================================================================
Received Import Request.
  Time since last request: 181.849097 seconds.
  path: Assets/Resources/Scripts
  artifactKey: Guid(1481808ca2ad5d1439640ec5fe5ab951) Importer(815301076,1909f56bfc062723c751e8b465ee728b)
Start importing Assets/Resources/Scripts using Guid(1481808ca2ad5d1439640ec5fe5ab951) Importer(815301076,1909f56bfc062723c751e8b465ee728b)  -> (artifact id: '8257c09d542df960585f7cb5ec00fad5') in 0.007215 seconds 
========================================================================
Received Import Request.
  Time since last request: 0.818446 seconds.
  path: Assets/Resources/Scripts/Dialogue
  artifactKey: Guid(56725e86d209ce64aa088ed5f17ac69e) Importer(815301076,1909f56bfc062723c751e8b465ee728b)
Start importing Assets/Resources/Scripts/Dialogue using Guid(56725e86d209ce64aa088ed5f17ac69e) Importer(815301076,1909f56bfc062723c751e8b465ee728b)  -> (artifact id: '7457544a9a0ba563549f79221648b6a4') in 0.006160 seconds 
========================================================================
Received Import Request.
  Time since last request: 1.559106 seconds.
  path: Assets/Resources/Scripts/Dialogue/DialogueController.cs
  artifactKey: Guid(c2cdc2b62a0e26044bbf85c211474fe0) Importer(815301076,1909f56bfc062723c751e8b465ee728b)
Start importing Assets/Resources/Scripts/Dialogue/DialogueController.cs using Guid(c2cdc2b62a0e26044bbf85c211474fe0) Importer(815301076,1909f56bfc062723c751e8b465ee728b)  -> (artifact id: 'dfc6d69def385351265569211de43218') in 0.017267 seconds 
========================================================================
Received Import Request.
  Time since last request: 12.208338 seconds.
  path: Assets/Resources/Scripts/Dialogue/DialogueInstructionProvider.cs
  artifactKey: Guid(872379f104634094e81f573e959d478f) Importer(815301076,1909f56bfc062723c751e8b465ee728b)
Start importing Assets/Resources/Scripts/Dialogue/DialogueInstructionProvider.cs using Guid(872379f104634094e81f573e959d478f) Importer(815301076,1909f56bfc062723c751e8b465ee728b)  -> (artifact id: 'ddc56b31a57c735833da0ce265f4a875') in 0.006211 seconds 
========================================================================
Received Prepare
Registering precompiled user dll's ...
Registered in 0.001900 seconds.
Begin MonoManager ReloadAssembly
Native extension for WindowsStandalone target not found
Refreshing native plugins compatible for Editor in 0.72 ms, found 0 plugins.
Preloading 0 native plugins for Editor in 0.00 ms.
Mono: successfully reloaded assembly
- Completed reload, in  0.886 seconds
Platform modules already initialized, skipping
Refreshing native plugins compatible for Editor in 0.39 ms, found 0 plugins.
Preloading 0 native plugins for Editor in 0.00 ms.
Unloading 1628 Unused Serialized files (Serialized files now loaded: 0)
System memory in use before: 71.6 MB.
System memory in use after: 71.7 MB.

Unloading 33 unused Assets to reduce memory usage. Loaded Objects now: 2071.
Total: 4.876800 ms (FindLiveObjects: 0.119900 ms CreateObjectMapping: 0.049900 ms MarkObjects: 4.687000 ms  DeleteObjects: 0.019100 ms)

========================================================================
Received Import Request.
  Time since last request: 102.654373 seconds.
  path: Assets/Resources/Scripts/Dialogue/DialogueInstructionProvider.cs
  artifactKey: Guid(872379f104634094e81f573e959d478f) Importer(815301076,1909f56bfc062723c751e8b465ee728b)
Start importing Assets/Resources/Scripts/Dialogue/DialogueInstructionProvider.cs using Guid(872379f104634094e81f573e959d478f) Importer(815301076,1909f56bfc062723c751e8b465ee728b)  -> (artifact id: '0802e156a835ac1c355e638b70e40a50') in 0.004109 seconds 
========================================================================
Received Prepare
Registering precompiled user dll's ...
Registered in 0.001893 seconds.
Begin MonoManager ReloadAssembly
Native extension for WindowsStandalone target not found
Refreshing native plugins compatible for Editor in 0.40 ms, found 0 plugins.
Preloading 0 native plugins for Editor in 0.00 ms.
Mono: successfully reloaded assembly
- Completed reload, in  0.823 seconds
Platform modules already initialized, skipping
Refreshing native plugins compatible for Editor in 0.40 ms, found 0 plugins.
Preloading 0 native plugins for Editor in 0.00 ms.
Unloading 1628 Unused Serialized files (Serialized files now loaded: 0)
System memory in use before: 71.6 MB.
System memory in use after: 71.7 MB.

Unloading 33 unused Assets to reduce memory usage. Loaded Objects now: 2074.
Total: 4.846400 ms (FindLiveObjects: 0.152700 ms CreateObjectMapping: 0.060400 ms MarkObjects: 4.614200 ms  DeleteObjects: 0.017900 ms)

========================================================================
Received Prepare
Registering precompiled user dll's ...
Registered in 0.001888 seconds.
Begin MonoManager ReloadAssembly
Native extension for WindowsStandalone target not found
Refreshing native plugins compatible for Editor in 0.40 ms, found 0 plugins.
Preloading 0 native plugins for Editor in 0.00 ms.
Mono: successfully reloaded assembly
- Completed reload, in  0.793 seconds
Platform modules already initialized, skipping
Refreshing native plugins compatible for Editor in 0.39 ms, found 0 plugins.
Preloading 0 native plugins for Editor in 0.00 ms.
Unloading 1628 Unused Serialized files (Serialized files now loaded: 0)
System memory in use before: 71.6 MB.
System memory in use after: 71.7 MB.

Unloading 33 unused Assets to reduce memory usage. Loaded Objects now: 2077.
Total: 4.791700 ms (FindLiveObjects: 0.115100 ms CreateObjectMapping: 0.045600 ms MarkObjects: 4.612900 ms  DeleteObjects: 0.017000 ms)

========================================================================
Received Prepare
Registering precompiled user dll's ...
Registered in 0.002018 seconds.
Begin MonoManager ReloadAssembly
Native extension for WindowsStandalone target not found
Refreshing native plugins compatible for Editor in 0.46 ms, found 0 plugins.
Preloading 0 native plugins for Editor in 0.00 ms.
Mono: successfully reloaded assembly
- Completed reload, in  0.813 seconds
Platform modules already initialized, skipping
Refreshing native plugins compatible for Editor in 0.40 ms, found 0 plugins.
Preloading 0 native plugins for Editor in 0.00 ms.
Unloading 1628 Unused Serialized files (Serialized files now loaded: 0)
System memory in use before: 71.6 MB.
System memory in use after: 71.7 MB.

Unloading 33 unused Assets to reduce memory usage. Loaded Objects now: 2080.
Total: 5.293200 ms (FindLiveObjects: 0.131900 ms CreateObjectMapping: 0.052600 ms MarkObjects: 5.068400 ms  DeleteObjects: 0.039100 ms)

========================================================================
Received Prepare
Registering precompiled user dll's ...
Registered in 0.001864 seconds.
Begin MonoManager ReloadAssembly
Native extension for WindowsStandalone target not found
Refreshing native plugins compatible for Editor in 0.40 ms, found 0 plugins.
Preloading 0 native plugins for Editor in 0.00 ms.
Mono: successfully reloaded assembly
- Completed reload, in  0.790 seconds
Platform modules already initialized, skipping
Refreshing native plugins compatible for Editor in 0.40 ms, found 0 plugins.
Preloading 0 native plugins for Editor in 0.00 ms.
Unloading 1628 Unused Serialized files (Serialized files now loaded: 0)
System memory in use before: 71.6 MB.
System memory in use after: 71.8 MB.

Unloading 33 unused Assets to reduce memory usage. Loaded Objects now: 2083.
Total: 4.923700 ms (FindLiveObjects: 0.125100 ms CreateObjectMapping: 0.049600 ms MarkObjects: 4.725800 ms  DeleteObjects: 0.022300 ms)

========================================================================
Received Prepare
Registering precompiled user dll's ...
Registered in 0.002026 seconds.
Begin MonoManager ReloadAssembly
Native extension for WindowsStandalone target not found
Refreshing native plugins compatible for Editor in 0.40 ms, found 0 plugins.
Preloading 0 native plugins for Editor in 0.00 ms.
Mono: successfully reloaded assembly
- Completed reload, in  0.810 seconds
Platform modules already initialized, skipping
Refreshing native plugins compatible for Editor in 0.39 ms, found 0 plugins.
Preloading 0 native plugins for Editor in 0.00 ms.
Unloading 1628 Unused Serialized files (Serialized files now loaded: 0)
System memory in use before: 71.7 MB.
System memory in use after: 71.8 MB.

Unloading 33 unused Assets to reduce memory usage. Loaded Objects now: 2086.
Total: 4.724100 ms (FindLiveObjects: 0.152400 ms CreateObjectMapping: 0.065900 ms MarkObjects: 4.487000 ms  DeleteObjects: 0.017700 ms)

========================================================================
Received Prepare
Registering precompiled user dll's ...
Registered in 0.002040 seconds.
Begin MonoManager ReloadAssembly
Native extension for WindowsStandalone target not found
Refreshing native plugins compatible for Editor in 0.46 ms, found 0 plugins.
Preloading 0 native plugins for Editor in 0.00 ms.
Mono: successfully reloaded assembly
- Completed reload, in  0.813 seconds
Platform modules already initialized, skipping
Refreshing native plugins compatible for Editor in 0.40 ms, found 0 plugins.
Preloading 0 native plugins for Editor in 0.00 ms.
Unloading 1628 Unused Serialized files (Serialized files now loaded: 0)
System memory in use before: 71.7 MB.
System memory in use after: 71.8 MB.

Unloading 33 unused Assets to reduce memory usage. Loaded Objects now: 2089.
Total: 5.323000 ms (FindLiveObjects: 0.128800 ms CreateObjectMapping: 0.054400 ms MarkObjects: 5.114100 ms  DeleteObjects: 0.024600 ms)

========================================================================
Received Prepare
Registering precompiled user dll's ...
Registered in 0.001889 seconds.
Begin MonoManager ReloadAssembly
Native extension for WindowsStandalone target not found
Refreshing native plugins compatible for Editor in 0.41 ms, found 0 plugins.
Preloading 0 native plugins for Editor in 0.00 ms.
Mono: successfully reloaded assembly
- Completed reload, in  0.882 seconds
Platform modules already initialized, skipping
Refreshing native plugins compatible for Editor in 1.05 ms, found 0 plugins.
Preloading 0 native plugins for Editor in 0.00 ms.
Unloading 1628 Unused Serialized files (Serialized files now loaded: 0)
System memory in use before: 71.7 MB.
System memory in use after: 71.8 MB.

Unloading 33 unused Assets to reduce memory usage. Loaded Objects now: 2092.
Total: 71.822400 ms (FindLiveObjects: 0.641800 ms CreateObjectMapping: 0.195800 ms MarkObjects: 70.959800 ms  DeleteObjects: 0.023700 ms)

